<?xml version="1.0" encoding="UTF-8"?>
<!-- Generated by org.testng.reporters.JUnitReportReporter -->
<testsuite hostname="DESKTOP-HGROIGC" failures="0" tests="3" name="api.test.StoreTests" time="5.621" errors="0" timestamp="2024-11-14T21:48:55 IST" skipped="0">
  <testcase classname="api.test.StoreTests" name="testPostStore" time="3.228"/>
  <testcase classname="api.test.StoreTests" name="testGetStore" time="1.242"/>
  <testcase classname="api.test.StoreTests" name="testDeleteStore" time="1.151"/>
</testsuite> <!-- api.test.StoreTests -->
