<?xml version="1.0" encoding="UTF-8"?>
<!-- Generated by org.testng.reporters.JUnitReportReporter -->
<testsuite hostname="DESKTOP-HGROIGC" failures="0" tests="4" name="api.test.UserTests2" time="9.739" errors="0" timestamp="2024-11-14T14:47:49 IST" skipped="0">
  <testcase classname="api.test.UserTests2" name="testPostUser" time="3.273"/>
  <testcase classname="api.test.UserTests2" name="testGetUserByName" time="1.656"/>
  <testcase classname="api.test.UserTests2" name="testUpdateUserByname" time="3.119"/>
  <testcase classname="api.test.UserTests2" name="testDeleteUserByName" time="1.691"/>
</testsuite> <!-- api.test.UserTests2 -->
