<?xml version="1.0" encoding="UTF-8"?>
<!-- Generated by org.testng.reporters.JUnitReportReporter -->
<testsuite hostname="DESKTOP-HGROIGC" failures="0" tests="4" name="api.test.UserTests" time="10.024" errors="0" timestamp="2024-11-08T19:50:34 IST" skipped="0">
  <testcase classname="api.test.UserTests" name="testPostUser" time="4.148"/>
  <testcase classname="api.test.UserTests" name="testGetUserByName" time="1.387"/>
  <testcase classname="api.test.UserTests" name="testUpdateUserByname" time="3.146"/>
  <testcase classname="api.test.UserTests" name="testDeleteUserByName" time="1.343"/>
</testsuite> <!-- api.test.UserTests -->
