<?xml version="1.0" encoding="UTF-8"?>
<!-- Generated by org.testng.reporters.JUnitReportReporter -->
<testsuite hostname="DESKTOP-HGROIGC" failures="0" tests="3" name="api.test.StoreTests2" time="7.403" errors="0" timestamp="2024-11-14T23:12:27 IST" skipped="0">
  <testcase classname="api.test.StoreTests2" name="testPostStore" time="4.839"/>
  <testcase classname="api.test.StoreTests2" name="testGetStore" time="1.336"/>
  <testcase classname="api.test.StoreTests2" name="testDeleteStore" time="1.228"/>
</testsuite> <!-- api.test.StoreTests2 -->
