<?xml version="1.0" encoding="UTF-8"?>
<!-- Generated by org.testng.reporters.JUnitReportReporter -->
<testsuite hostname="DESKTOP-HGROIGC" failures="0" tests="6" name="api.test.DDTests" time="11.386" errors="0" timestamp="2024-11-08T12:21:25 IST" skipped="0">
  <testcase classname="api.test.DDTests" name="testPostuser" time="1.322"/>
  <testcase classname="api.test.DDTests" name="testPostuser" time="1.354"/>
  <testcase classname="api.test.DDTests" name="testPostuser" time="3.359"/>
  <testcase classname="api.test.DDTests" name="testDeleteUserByName" time="2.438"/>
  <testcase classname="api.test.DDTests" name="testDeleteUserByName" time="1.580"/>
  <testcase classname="api.test.DDTests" name="testDeleteUserByName" time="1.333"/>
</testsuite> <!-- api.test.DDTests -->
