<?xml version="1.0" encoding="UTF-8"?>
<!-- Generated by org.testng.reporters.JUnitReportReporter -->
<testsuite hostname="DESKTOP-HGROIGC" failures="0" tests="6" name="api.test.StoreDDTests" time="7.313" errors="0" timestamp="2024-11-14T21:28:32 IST" skipped="0">
  <testcase classname="api.test.StoreDDTests" name="testPostStore" time="1.262"/>
  <testcase classname="api.test.StoreDDTests" name="testPostStore" time="1.198"/>
  <testcase classname="api.test.StoreDDTests" name="testPostStore" time="1.185"/>
  <testcase classname="api.test.StoreDDTests" name="testDeleteStoreByOrderId" time="1.206"/>
  <testcase classname="api.test.StoreDDTests" name="testDeleteStoreByOrderId" time="1.192"/>
  <testcase classname="api.test.StoreDDTests" name="testDeleteStoreByOrderId" time="1.270"/>
</testsuite> <!-- api.test.StoreDDTests -->
