<?xml version="1.0" encoding="UTF-8"?>
<!-- Generated by org.testng.reporters.JUnitReportReporter -->
<testsuite hostname="DESKTOP-HGROIGC" failures="0" tests="4" name="api.test.UserTests" time="13.578" errors="0" timestamp="2024-11-09T13:24:59 IST" skipped="0">
  <testcase classname="api.test.UserTests" name="testPostUser" time="7.494"/>
  <testcase classname="api.test.UserTests" name="testGetUserByName" time="1.420"/>
  <testcase classname="api.test.UserTests" name="testUpdateUserByname" time="3.299"/>
  <testcase classname="api.test.UserTests" name="testDeleteUserByName" time="1.365"/>
</testsuite> <!-- api.test.UserTests -->
