<?xml version="1.0" encoding="UTF-8"?>
<!-- Generated by org.testng.reporters.JUnitReportReporter -->
<testsuite hostname="DESKTOP-HGROIGC" failures="0" tests="4" name="api.test.UserTests" time="10.750" errors="0" timestamp="2024-11-13T19:38:42 IST" skipped="0">
  <testcase classname="api.test.UserTests" name="testPostUser" time="5.444"/>
  <testcase classname="api.test.UserTests" name="testGetUserByName" time="1.327"/>
  <testcase classname="api.test.UserTests" name="testUpdateUserByname" time="2.635"/>
  <testcase classname="api.test.UserTests" name="testDeleteUserByName" time="1.344"/>
</testsuite> <!-- api.test.UserTests -->
