<?xml version="1.0" encoding="UTF-8"?>
<!-- Generated by org.testng.reporters.JUnitReportReporter -->
<testsuite hostname="DESKTOP-HGROIGC" failures="0" tests="3" name="api.test.StoreTests2" time="5.666" errors="0" timestamp="2024-11-15T11:55:10 IST" skipped="0">
  <testcase classname="api.test.StoreTests2" name="testPostStore" time="3.273"/>
  <testcase classname="api.test.StoreTests2" name="testGetStore" time="1.170"/>
  <testcase classname="api.test.StoreTests2" name="testDeleteStore" time="1.223"/>
</testsuite> <!-- api.test.StoreTests2 -->
